<?xml version="1.0" encoding="UTF-8"?>
<testsuite name="com.phonebook.LoginTests" tests="2" skipped="0" failures="0" errors="0" timestamp="2025-07-04T10:48:25" hostname="DESKTOP-ECF2EJG" time="16.521">
  <properties/>
  <testcase name="loginPositiveTest" classname="com.phonebook.LoginTests" time="0.62"/>
  <testcase name="loginNegativeTest" classname="com.phonebook.LoginTests" time="5.807"/>
  <system-out><![CDATA[12:48:25.031 [Test worker] INFO  com.phonebook.TestBase -- Start testloginPositiveTest[]
12:48:25.032 [Test worker] INFO  com.phonebook.utils.MyListener -- Before Find ElementsBy.cssSelector: [href='/login']
12:48:25.032 [Test worker] INFO  com.phonebook.utils.MyListener -- ***************************************************************
12:48:25.044 [Test worker] INFO  com.phonebook.utils.MyListener -- List size is1
12:48:25.044 [Test worker] INFO  com.phonebook.utils.MyListener -- ***************************************************************
12:48:25.045 [Test worker] INFO  com.phonebook.utils.MyListener -- The locator will findBy.cssSelector: [href='/login']
12:48:25.045 [Test worker] INFO  com.phonebook.utils.MyListener -- ***************************************************************
12:48:25.060 [Test worker] INFO  com.phonebook.utils.MyListener -- The locator isBy.cssSelector: [href='/login']
12:48:25.060 [Test worker] INFO  com.phonebook.utils.MyListener -- ***************************************************************
12:48:25.113 [Test worker] INFO  com.phonebook.utils.MyListener -- The locator will findBy.name: email
12:48:25.113 [Test worker] INFO  com.phonebook.utils.MyListener -- ***************************************************************
12:48:25.131 [Test worker] INFO  com.phonebook.utils.MyListener -- The locator isBy.name: email
12:48:25.131 [Test worker] INFO  com.phonebook.utils.MyListener -- ***************************************************************
12:48:25.185 [Test worker] INFO  com.phonebook.utils.MyListener -- The locator will findBy.name: email
12:48:25.185 [Test worker] INFO  com.phonebook.utils.MyListener -- ***************************************************************
12:48:25.207 [Test worker] INFO  com.phonebook.utils.MyListener -- The locator isBy.name: email
12:48:25.207 [Test worker] INFO  com.phonebook.utils.MyListener -- ***************************************************************
12:48:25.231 [Test worker] INFO  com.phonebook.utils.MyListener -- The locator will findBy.name: email
12:48:25.231 [Test worker] INFO  com.phonebook.utils.MyListener -- ***************************************************************
12:48:25.241 [Test worker] INFO  com.phonebook.utils.MyListener -- The locator isBy.name: email
12:48:25.241 [Test worker] INFO  com.phonebook.utils.MyListener -- ***************************************************************
12:48:25.269 [Test worker] INFO  com.phonebook.utils.MyListener -- The locator will findBy.name: password
12:48:25.269 [Test worker] INFO  com.phonebook.utils.MyListener -- ***************************************************************
12:48:25.280 [Test worker] INFO  com.phonebook.utils.MyListener -- The locator isBy.name: password
12:48:25.280 [Test worker] INFO  com.phonebook.utils.MyListener -- ***************************************************************
12:48:25.321 [Test worker] INFO  com.phonebook.utils.MyListener -- The locator will findBy.name: password
12:48:25.321 [Test worker] INFO  com.phonebook.utils.MyListener -- ***************************************************************
12:48:25.338 [Test worker] INFO  com.phonebook.utils.MyListener -- The locator isBy.name: password
12:48:25.338 [Test worker] INFO  com.phonebook.utils.MyListener -- ***************************************************************
12:48:25.356 [Test worker] INFO  com.phonebook.utils.MyListener -- The locator will findBy.name: password
12:48:25.356 [Test worker] INFO  com.phonebook.utils.MyListener -- ***************************************************************
12:48:25.363 [Test worker] INFO  com.phonebook.utils.MyListener -- The locator isBy.name: password
12:48:25.364 [Test worker] INFO  com.phonebook.utils.MyListener -- ***************************************************************
12:48:25.381 [Test worker] INFO  com.phonebook.utils.MyListener -- The locator will findBy.name: login
12:48:25.381 [Test worker] INFO  com.phonebook.utils.MyListener -- ***************************************************************
12:48:25.387 [Test worker] INFO  com.phonebook.utils.MyListener -- The locator isBy.name: login
12:48:25.387 [Test worker] INFO  com.phonebook.utils.MyListener -- ***************************************************************
12:48:25.416 [Test worker] INFO  com.phonebook.utils.MyListener -- Before Find ElementsBy.xpath: //button[.='Sign Out']
12:48:25.416 [Test worker] INFO  com.phonebook.utils.MyListener -- ***************************************************************
12:48:25.664 [Test worker] INFO  com.phonebook.utils.MyListener -- List size is1
12:48:25.664 [Test worker] INFO  com.phonebook.utils.MyListener -- ***************************************************************
12:48:25.665 [Test worker] INFO  com.phonebook.TestBase -- PASSED:loginPositiveTest
12:48:25.665 [Test worker] INFO  com.phonebook.TestBase -- Stop test
12:48:25.665 [Test worker] INFO  com.phonebook.TestBase -- ======================================================
12:48:25.665 [Test worker] INFO  com.phonebook.TestBase -- Start testloginNegativeTest[]
12:48:25.666 [Test worker] INFO  com.phonebook.utils.MyListener -- Before Find ElementsBy.cssSelector: [href='/login']
12:48:25.666 [Test worker] INFO  com.phonebook.utils.MyListener -- ***************************************************************
12:48:35.698 [Test worker] INFO  com.phonebook.utils.MyListener -- List size is0
12:48:35.698 [Test worker] INFO  com.phonebook.utils.MyListener -- ***************************************************************
12:48:35.698 [Test worker] INFO  com.phonebook.utils.MyListener -- The locator will findBy.xpath: //button[.='Sign Out']
12:48:35.698 [Test worker] INFO  com.phonebook.utils.MyListener -- ***************************************************************
12:48:35.713 [Test worker] INFO  com.phonebook.utils.MyListener -- The locator isBy.xpath: //button[.='Sign Out']
12:48:35.713 [Test worker] INFO  com.phonebook.utils.MyListener -- ***************************************************************
12:48:35.759 [Test worker] INFO  com.phonebook.utils.MyListener -- The locator will findBy.cssSelector: [href='/login']
12:48:35.759 [Test worker] INFO  com.phonebook.utils.MyListener -- ***************************************************************
12:48:35.773 [Test worker] INFO  com.phonebook.utils.MyListener -- The locator isBy.cssSelector: [href='/login']
12:48:35.773 [Test worker] INFO  com.phonebook.utils.MyListener -- ***************************************************************
12:48:35.802 [Test worker] INFO  com.phonebook.utils.MyListener -- The locator will findBy.name: email
12:48:35.802 [Test worker] INFO  com.phonebook.utils.MyListener -- ***************************************************************
12:48:35.812 [Test worker] INFO  com.phonebook.utils.MyListener -- The locator isBy.name: email
12:48:35.812 [Test worker] INFO  com.phonebook.utils.MyListener -- ***************************************************************
12:48:35.842 [Test worker] INFO  com.phonebook.utils.MyListener -- The locator will findBy.name: email
12:48:35.842 [Test worker] INFO  com.phonebook.utils.MyListener -- ***************************************************************
12:48:35.854 [Test worker] INFO  com.phonebook.utils.MyListener -- The locator isBy.name: email
12:48:35.854 [Test worker] INFO  com.phonebook.utils.MyListener -- ***************************************************************
12:48:35.870 [Test worker] INFO  com.phonebook.utils.MyListener -- The locator will findBy.name: email
12:48:35.870 [Test worker] INFO  com.phonebook.utils.MyListener -- ***************************************************************
12:48:35.877 [Test worker] INFO  com.phonebook.utils.MyListener -- The locator isBy.name: email
12:48:35.877 [Test worker] INFO  com.phonebook.utils.MyListener -- ***************************************************************
12:48:35.893 [Test worker] INFO  com.phonebook.utils.MyListener -- The locator will findBy.name: password
12:48:35.893 [Test worker] INFO  com.phonebook.utils.MyListener -- ***************************************************************
12:48:35.901 [Test worker] INFO  com.phonebook.utils.MyListener -- The locator isBy.name: password
12:48:35.901 [Test worker] INFO  com.phonebook.utils.MyListener -- ***************************************************************
12:48:35.934 [Test worker] INFO  com.phonebook.utils.MyListener -- The locator will findBy.name: password
12:48:35.934 [Test worker] INFO  com.phonebook.utils.MyListener -- ***************************************************************
12:48:35.949 [Test worker] INFO  com.phonebook.utils.MyListener -- The locator isBy.name: password
12:48:35.949 [Test worker] INFO  com.phonebook.utils.MyListener -- ***************************************************************
12:48:35.964 [Test worker] INFO  com.phonebook.utils.MyListener -- The locator will findBy.name: password
12:48:35.964 [Test worker] INFO  com.phonebook.utils.MyListener -- ***************************************************************
12:48:35.972 [Test worker] INFO  com.phonebook.utils.MyListener -- The locator isBy.name: password
12:48:35.972 [Test worker] INFO  com.phonebook.utils.MyListener -- ***************************************************************
12:48:40.996 [Test worker] INFO  com.phonebook.utils.MyListener -- The locator will findBy.name: login
12:48:40.996 [Test worker] INFO  com.phonebook.utils.MyListener -- ***************************************************************
12:48:41.008 [Test worker] INFO  com.phonebook.utils.MyListener -- The locator isBy.name: login
12:48:41.008 [Test worker] INFO  com.phonebook.utils.MyListener -- ***************************************************************
12:48:41.045 [Test worker] INFO  com.phonebook.utils.MyListener -- Test have a problem
12:48:41.045 [Test worker] INFO  com.phonebook.utils.MyListener -- ***************************************************************
12:48:41.045 [Test worker] INFO  com.phonebook.utils.MyListener -- Method  -->alert
12:48:41.045 [Test worker] INFO  com.phonebook.utils.MyListener -- ***************************************************************
12:48:41.045 [Test worker] INFO  com.phonebook.utils.MyListener -- TargetException -->org.openqa.selenium.NoAlertPresentException: no such alert
  (Session info: chrome=138.0.7204.97)
Build info: version: '4.26.0', revision: '8ccf0219d7'
System info: os.name: 'Windows 10', os.arch: 'amd64', os.version: '10.0', java.version: '17.0.12'
Driver info: org.openqa.selenium.chrome.ChromeDriver
Command: [994ce6574ce67ccb54a1fcb1aeae9fe3, getAlertText {}]
Capabilities {acceptInsecureCerts: false, browserName: chrome, browserVersion: 138.0.7204.97, chrome: {chromedriverVersion: 138.0.7204.49 (d2b48fd5f781..., userDataDir: C:\Users\yuliana\AppData\Lo...}, fedcm:accounts: true, goog:chromeOptions: {debuggerAddress: localhost:53386}, networkConnectionEnabled: false, pageLoadStrategy: normal, platformName: windows, proxy: Proxy(), se:cdp: ws://localhost:53386/devtoo..., se:cdpVersion: 138.0.7204.97, setWindowRect: true, strictFileInteractability: false, timeouts: {implicit: 0, pageLoad: 300000, script: 30000}, unhandledPromptBehavior: dismiss and notify, webauthn:extension:credBlob: true, webauthn:extension:largeBlob: true, webauthn:extension:minPinLength: true, webauthn:extension:prf: true, webauthn:virtualAuthenticators: true}
Session ID: 994ce6574ce67ccb54a1fcb1aeae9fe3
12:48:41.046 [Test worker] INFO  com.phonebook.utils.MyListener -- ***************************************************************
12:48:41.046 [Test worker] INFO  com.phonebook.utils.MyListener -- Object target -->org.openqa.selenium.remote.RemoteWebDriver$RemoteTargetLocator@1f596988
12:48:41.046 [Test worker] INFO  com.phonebook.utils.MyListener -- ***************************************************************
12:48:41.565 [Test worker] INFO  com.phonebook.TestBase -- PASSED:loginNegativeTest
12:48:41.565 [Test worker] INFO  com.phonebook.TestBase -- Stop test
12:48:41.565 [Test worker] INFO  com.phonebook.TestBase -- ======================================================
]]></system-out>
  <system-err><![CDATA[]]></system-err>
</testsuite>
