<?xml version="1.0" encoding="UTF-8"?>
<testsuite name="com.ait.qa60.homeworks.FindElementTests" tests="4" skipped="0" failures="0" errors="0" timestamp="2025-07-04T10:47:45" hostname="DESKTOP-ECF2EJG" time="5.767">
  <properties/>
  <testcase name="findByCssSelectorTest" classname="com.ait.qa60.homeworks.FindElementTests" time="0.079"/>
  <testcase name="findElementByLocators" classname="com.ait.qa60.homeworks.FindElementTests" time="0.045"/>
  <testcase name="findElementByTagName" classname="com.ait.qa60.homeworks.FindElementTests" time="0.044"/>
  <testcase name="findElementByXpath" classname="com.ait.qa60.homeworks.FindElementTests" time="0.12"/>
  <system-out><![CDATA[Find your car now!

31
]]></system-out>
  <system-err><![CDATA[Jul 04, 2025 12:47:45 PM org.openqa.selenium.devtools.CdpVersionFinder findNearestMatch
WARNING: Unable to find CDP implementation matching 138
Jul 04, 2025 12:47:45 PM org.openqa.selenium.chromium.ChromiumDriver lambda$new$5
WARNING: Unable to find version of CDP to use for 138.0.7204.97. You may need to include a dependency on a specific version of the CDP using something similar to `org.seleniumhq.selenium:selenium-devtools-v86:4.26.0` where the version ("v86") matches the version of the chromium-based browser you're using and the version number of the artifact is the same as Selenium's.
Jul 04, 2025 12:47:47 PM org.openqa.selenium.devtools.CdpVersionFinder findNearestMatch
WARNING: Unable to find CDP implementation matching 138
Jul 04, 2025 12:47:47 PM org.openqa.selenium.chromium.ChromiumDriver lambda$new$5
WARNING: Unable to find version of CDP to use for 138.0.7204.97. You may need to include a dependency on a specific version of the CDP using something similar to `org.seleniumhq.selenium:selenium-devtools-v86:4.26.0` where the version ("v86") matches the version of the chromium-based browser you're using and the version number of the artifact is the same as Selenium's.
Jul 04, 2025 12:47:48 PM org.openqa.selenium.devtools.CdpVersionFinder findNearestMatch
WARNING: Unable to find CDP implementation matching 138
Jul 04, 2025 12:47:48 PM org.openqa.selenium.chromium.ChromiumDriver lambda$new$5
WARNING: Unable to find version of CDP to use for 138.0.7204.97. You may need to include a dependency on a specific version of the CDP using something similar to `org.seleniumhq.selenium:selenium-devtools-v86:4.26.0` where the version ("v86") matches the version of the chromium-based browser you're using and the version number of the artifact is the same as Selenium's.
Jul 04, 2025 12:47:50 PM org.openqa.selenium.devtools.CdpVersionFinder findNearestMatch
WARNING: Unable to find CDP implementation matching 138
Jul 04, 2025 12:47:50 PM org.openqa.selenium.chromium.ChromiumDriver lambda$new$5
WARNING: Unable to find version of CDP to use for 138.0.7204.97. You may need to include a dependency on a specific version of the CDP using something similar to `org.seleniumhq.selenium:selenium-devtools-v86:4.26.0` where the version ("v86") matches the version of the chromium-based browser you're using and the version number of the artifact is the same as Selenium's.
]]></system-err>
</testsuite>
