<?xml version="1.0" encoding="UTF-8"?>
<testsuite name="com.ait.qa60.homeworks.FirstSeleniumTest" tests="1" skipped="0" failures="0" errors="0" timestamp="2025-07-04T10:48:13" hostname="DESKTOP-ECF2EJG" time="0.001">
  <properties/>
  <testcase name="openGoogleTest" classname="com.ait.qa60.homeworks.FirstSeleniumTest" time="0.001"/>
  <system-out><![CDATA[Open
]]></system-out>
  <system-err><![CDATA[Jul 04, 2025 12:48:11 PM org.openqa.selenium.devtools.CdpVersionFinder findNearestMatch
WARNING: Unable to find CDP implementation matching 138
Jul 04, 2025 12:48:11 PM org.openqa.selenium.chromium.ChromiumDriver lambda$new$5
WARNING: Unable to find version of CDP to use for 138.0.7204.97. You may need to include a dependency on a specific version of the CDP using something similar to `org.seleniumhq.selenium:selenium-devtools-v86:4.26.0` where the version ("v86") matches the version of the chromium-based browser you're using and the version number of the artifact is the same as Selenium's.
]]></system-err>
</testsuite>
