<?xml version="1.0" encoding="UTF-8"?>
<testsuite name="com.phonebook.HomePageTests" tests="1" skipped="0" failures="0" errors="0" timestamp="2025-07-04T10:48:08" hostname="DESKTOP-ECF2EJG" time="0.016">
  <properties/>
  <testcase name="isHomeComponentPresentTest" classname="com.phonebook.HomePageTests" time="0.016"/>
  <system-out><![CDATA[12:47:58.363 [Test worker] INFO  com.phonebook.TestBase -- Start testisHomeComponentPresentTest[]
12:47:58.363 [Test worker] INFO  com.phonebook.utils.MyListener -- Before Find ElementsBy.cssSelector: div:nth-child(2)>div>div>h1
12:47:58.364 [Test worker] INFO  com.phonebook.utils.MyListener -- ***************************************************************
12:48:08.407 [Test worker] INFO  com.phonebook.utils.MyListener -- List size is0
12:48:08.407 [Test worker] INFO  com.phonebook.utils.MyListener -- ***************************************************************
12:48:08.407 [Test worker] INFO  com.phonebook.utils.MyListener -- The locator will findBy.cssSelector: [href='/home']
12:48:08.407 [Test worker] INFO  com.phonebook.utils.MyListener -- ***************************************************************
12:48:08.421 [Test worker] INFO  com.phonebook.utils.MyListener -- The locator isBy.cssSelector: [href='/home']
12:48:08.421 [Test worker] INFO  com.phonebook.utils.MyListener -- ***************************************************************
12:48:08.488 [Test worker] INFO  com.phonebook.utils.MyListener -- Before Find ElementsBy.cssSelector: div:nth-child(2)>div>div>h1
12:48:08.489 [Test worker] INFO  com.phonebook.utils.MyListener -- ***************************************************************
12:48:08.504 [Test worker] INFO  com.phonebook.utils.MyListener -- List size is1
12:48:08.504 [Test worker] INFO  com.phonebook.utils.MyListener -- ***************************************************************
12:48:08.504 [Test worker] INFO  com.phonebook.TestBase -- PASSED:isHomeComponentPresentTest
12:48:08.504 [Test worker] INFO  com.phonebook.TestBase -- Stop test
12:48:08.504 [Test worker] INFO  com.phonebook.TestBase -- ======================================================
]]></system-out>
  <system-err><![CDATA[]]></system-err>
</testsuite>
