<?xml version="1.0" encoding="UTF-8"?>
<testsuite name="com.ait.qa60.homeworks.HomeWork_25_06_25" tests="1" skipped="0" failures="0" errors="0" timestamp="2025-07-04T10:47:53" hostname="DESKTOP-ECF2EJG" time="0.107">
  <properties/>
  <testcase name="findElementByXpathTest" classname="com.ait.qa60.homeworks.HomeWork_25_06_25" time="0.107"/>
  <system-out><![CDATA[]]></system-out>
  <system-err><![CDATA[Jul 04, 2025 12:47:52 PM org.openqa.selenium.devtools.CdpVersionFinder findNearestMatch
WARNING: Unable to find CDP implementation matching 138
Jul 04, 2025 12:47:52 PM org.openqa.selenium.chromium.ChromiumDriver lambda$new$5
WARNING: Unable to find version of CDP to use for 138.0.7204.97. You may need to include a dependency on a specific version of the CDP using something similar to `org.seleniumhq.selenium:selenium-devtools-v86:4.26.0` where the version ("v86") matches the version of the chromium-based browser you're using and the version number of the artifact is the same as Selenium's.
]]></system-err>
</testsuite>
